[2022-10-03T07:42:01.038Z][QUERY]: SELECT * FROM `INFORMATION_SCHEMA`.`COLUMNS` WHERE `TABLE_SCHEMA` = 'nest_core_base' AND `TABLE_NAME` = 'migrations'
[2022-10-03T07:42:01.048Z][QUERY]: CREATE TABLE `migrations` (`id` int NOT NULL AUTO_INCREMENT, `timestamp` bigint NOT NULL, `name` varchar(255) NOT NULL, PRIMARY KEY (`id`)) ENGINE=InnoDB
[2022-10-03T07:42:01.091Z][QUERY]: SELECT * FROM `nest_core_base`.`migrations` `migrations` ORDER BY `id` DESC
[2022-10-03T07:42:01.093Z]0 migrations are already loaded in the database.
[2022-10-03T07:42:01.093Z]1 migrations were found in the source code.
[2022-10-03T07:42:01.093Z]1 migrations are new migrations that needs to be executed.
[2022-10-03T07:42:01.094Z][QUERY]: START TRANSACTION
[2022-10-03T07:42:01.096Z][QUERY]: CREATE TABLE `users` (`id` bigint NOT NULL AUTO_INCREMENT, `username` varchar(255) NOT NULL, `password` varchar(255) NOT NULL, `createdAt` timestamp(6) NOT NULL DEFAULT CURRENT_TIMESTAMP(6), `updatedAt` timestamp(6) NOT NULL DEFAULT CURRENT_TIMESTAMP(6) ON UPDATE CURRENT_TIMESTAMP(6), `authStrategy` varchar(255) NULL, `profileId` int NULL, UNIQUE INDEX `IDX_fe0bb3f6520ee0469504521e71` (`username`), UNIQUE INDEX `REL_b1bda35cdb9a2c1b777f5541d8` (`profileId`), PRIMARY KEY (`id`)) ENGINE=InnoDB
[2022-10-03T07:42:01.138Z][QUERY]: CREATE TABLE `user_profiles` (`id` int NOT NULL AUTO_INCREMENT, `firstName` varchar(255) NOT NULL, `lastName` varchar(255) NOT NULL, `age` int NOT NULL, `dob` varchar(255) NOT NULL, PRIMARY KEY (`id`)) ENGINE=InnoDB
[2022-10-03T07:42:01.173Z][QUERY]: ALTER TABLE `users` ADD CONSTRAINT `FK_b1bda35cdb9a2c1b777f5541d87` FOREIGN KEY (`profileId`) REFERENCES `user_profiles`(`id`) ON DELETE NO ACTION ON UPDATE NO ACTION
[2022-10-03T07:42:01.261Z][QUERY]: INSERT INTO `nest_core_base`.`migrations`(`timestamp`, `name`) VALUES (?, ?) -- PARAMETERS: [1664782894854,"startServer1664782894854"]
[2022-10-03T07:42:01.264Z]Migration startServer1664782894854 has been executed successfully.
[2022-10-03T07:42:01.265Z][QUERY]: COMMIT
[2022-10-03T07:47:36.322Z][QUERY]: SELECT `User`.`id` AS `User_id`, `User`.`username` AS `User_username`, `User`.`password` AS `User_password`, `User`.`createdAt` AS `User_createdAt`, `User`.`updatedAt` AS `User_updatedAt`, `User`.`authStrategy` AS `User_authStrategy`, `User`.`profileId` AS `User_profileId` FROM `users` `User`
[2022-10-03T07:48:03.970Z][QUERY]: START TRANSACTION
[2022-10-03T07:48:03.991Z][QUERY]: INSERT INTO `users`(`id`, `username`, `password`, `createdAt`, `updatedAt`, `authStrategy`, `profileId`) VALUES (DEFAULT, ?, ?, DEFAULT, DEFAULT, DEFAULT, DEFAULT) -- PARAMETERS: ["ImLuc","123123"]
[2022-10-03T07:48:04.000Z][QUERY]: SELECT `User`.`id` AS `User_id`, `User`.`createdAt` AS `User_createdAt`, `User`.`updatedAt` AS `User_updatedAt` FROM `users` `User` WHERE `User`.`id` = ? -- PARAMETERS: ["1"]
[2022-10-03T07:48:04.007Z][QUERY]: COMMIT
[2022-10-03T07:48:07.305Z][QUERY]: SELECT `User`.`id` AS `User_id`, `User`.`username` AS `User_username`, `User`.`password` AS `User_password`, `User`.`createdAt` AS `User_createdAt`, `User`.`updatedAt` AS `User_updatedAt`, `User`.`authStrategy` AS `User_authStrategy`, `User`.`profileId` AS `User_profileId` FROM `users` `User`
[2022-10-03T07:48:35.131Z][QUERY]: START TRANSACTION
[2022-10-03T07:48:35.143Z][QUERY]: INSERT INTO `users`(`id`, `username`, `password`, `createdAt`, `updatedAt`, `authStrategy`, `profileId`) VALUES (DEFAULT, ?, ?, DEFAULT, DEFAULT, DEFAULT, DEFAULT) -- PARAMETERS: ["ImLuc2","123123"]
[2022-10-03T07:48:35.154Z][QUERY]: SELECT `User`.`id` AS `User_id`, `User`.`createdAt` AS `User_createdAt`, `User`.`updatedAt` AS `User_updatedAt` FROM `users` `User` WHERE `User`.`id` = ? -- PARAMETERS: ["2"]
[2022-10-03T07:48:35.168Z][QUERY]: COMMIT
[2022-10-03T07:48:38.184Z][QUERY]: SELECT `User`.`id` AS `User_id`, `User`.`username` AS `User_username`, `User`.`password` AS `User_password`, `User`.`createdAt` AS `User_createdAt`, `User`.`updatedAt` AS `User_updatedAt`, `User`.`authStrategy` AS `User_authStrategy`, `User`.`profileId` AS `User_profileId` FROM `users` `User`
[2022-10-03T07:48:51.366Z][QUERY]: UPDATE `users` SET `username` = ?, `password` = ?, `updatedAt` = CURRENT_TIMESTAMP WHERE `id` = ? -- PARAMETERS: ["ImLuc1","1111111",1]
[2022-10-03T07:48:54.371Z][QUERY]: SELECT `User`.`id` AS `User_id`, `User`.`username` AS `User_username`, `User`.`password` AS `User_password`, `User`.`createdAt` AS `User_createdAt`, `User`.`updatedAt` AS `User_updatedAt`, `User`.`authStrategy` AS `User_authStrategy`, `User`.`profileId` AS `User_profileId` FROM `users` `User`
[2022-10-03T07:49:01.702Z][QUERY]: DELETE FROM `users` WHERE `id` = ? -- PARAMETERS: [2]
[2022-10-03T07:49:04.106Z][QUERY]: SELECT `User`.`id` AS `User_id`, `User`.`username` AS `User_username`, `User`.`password` AS `User_password`, `User`.`createdAt` AS `User_createdAt`, `User`.`updatedAt` AS `User_updatedAt`, `User`.`authStrategy` AS `User_authStrategy`, `User`.`profileId` AS `User_profileId` FROM `users` `User`
[2022-10-03T07:49:09.652Z][QUERY]: SELECT `Profile`.`id` AS `Profile_id`, `Profile`.`firstName` AS `Profile_firstName`, `Profile`.`lastName` AS `Profile_lastName`, `Profile`.`age` AS `Profile_age`, `Profile`.`dob` AS `Profile_dob` FROM `user_profiles` `Profile` WHERE `Profile`.`id` = ? LIMIT 1 -- PARAMETERS: [1]
[2022-10-03T07:49:17.757Z][QUERY]: SELECT `Profile`.`id` AS `Profile_id`, `Profile`.`firstName` AS `Profile_firstName`, `Profile`.`lastName` AS `Profile_lastName`, `Profile`.`age` AS `Profile_age`, `Profile`.`dob` AS `Profile_dob` FROM `user_profiles` `Profile` WHERE `Profile`.`id` = ? LIMIT 1 -- PARAMETERS: [1]
[2022-10-03T07:50:35.232Z][QUERY]: SELECT `User`.`id` AS `User_id`, `User`.`username` AS `User_username`, `User`.`password` AS `User_password`, `User`.`createdAt` AS `User_createdAt`, `User`.`updatedAt` AS `User_updatedAt`, `User`.`authStrategy` AS `User_authStrategy`, `User`.`profileId` AS `User_profileId` FROM `users` `User`
[2022-10-03T07:50:39.899Z][QUERY]: SELECT `User`.`id` AS `User_id`, `User`.`username` AS `User_username`, `User`.`password` AS `User_password`, `User`.`createdAt` AS `User_createdAt`, `User`.`updatedAt` AS `User_updatedAt`, `User`.`authStrategy` AS `User_authStrategy`, `User`.`profileId` AS `User_profileId` FROM `users` `User` WHERE `User`.`id` = ? LIMIT 1 -- PARAMETERS: [1]
[2022-10-03T07:50:59.107Z][QUERY]: START TRANSACTION
[2022-10-03T07:50:59.111Z][QUERY]: INSERT INTO `users`(`id`, `username`, `password`, `createdAt`, `updatedAt`, `authStrategy`, `profileId`) VALUES (DEFAULT, ?, ?, DEFAULT, DEFAULT, DEFAULT, DEFAULT) -- PARAMETERS: ["ImLuc2","123123"]
[2022-10-03T07:50:59.126Z][QUERY]: SELECT `User`.`id` AS `User_id`, `User`.`createdAt` AS `User_createdAt`, `User`.`updatedAt` AS `User_updatedAt` FROM `users` `User` WHERE `User`.`id` = ? -- PARAMETERS: ["3"]
[2022-10-03T07:50:59.134Z][QUERY]: COMMIT
[2022-10-03T07:51:02.788Z][QUERY]: START TRANSACTION
[2022-10-03T07:51:02.791Z][QUERY]: INSERT INTO `users`(`id`, `username`, `password`, `createdAt`, `updatedAt`, `authStrategy`, `profileId`) VALUES (DEFAULT, ?, ?, DEFAULT, DEFAULT, DEFAULT, DEFAULT) -- PARAMETERS: ["ImLuc3","123123"]
[2022-10-03T07:51:02.794Z][QUERY]: SELECT `User`.`id` AS `User_id`, `User`.`createdAt` AS `User_createdAt`, `User`.`updatedAt` AS `User_updatedAt` FROM `users` `User` WHERE `User`.`id` = ? -- PARAMETERS: ["4"]
[2022-10-03T07:51:02.812Z][QUERY]: COMMIT
[2022-10-03T07:51:06.206Z][QUERY]: START TRANSACTION
[2022-10-03T07:51:06.210Z][QUERY]: INSERT INTO `users`(`id`, `username`, `password`, `createdAt`, `updatedAt`, `authStrategy`, `profileId`) VALUES (DEFAULT, ?, ?, DEFAULT, DEFAULT, DEFAULT, DEFAULT) -- PARAMETERS: ["ImLuc4","123123"]
[2022-10-03T07:51:06.225Z][QUERY]: SELECT `User`.`id` AS `User_id`, `User`.`createdAt` AS `User_createdAt`, `User`.`updatedAt` AS `User_updatedAt` FROM `users` `User` WHERE `User`.`id` = ? -- PARAMETERS: ["5"]
[2022-10-03T07:51:06.245Z][QUERY]: COMMIT
[2022-10-03T07:51:09.242Z][QUERY]: START TRANSACTION
[2022-10-03T07:51:09.244Z][QUERY]: INSERT INTO `users`(`id`, `username`, `password`, `createdAt`, `updatedAt`, `authStrategy`, `profileId`) VALUES (DEFAULT, ?, ?, DEFAULT, DEFAULT, DEFAULT, DEFAULT) -- PARAMETERS: ["ImLuc5","123123"]
[2022-10-03T07:51:09.248Z][QUERY]: SELECT `User`.`id` AS `User_id`, `User`.`createdAt` AS `User_createdAt`, `User`.`updatedAt` AS `User_updatedAt` FROM `users` `User` WHERE `User`.`id` = ? -- PARAMETERS: ["6"]
[2022-10-03T07:51:09.250Z][QUERY]: COMMIT
[2022-10-03T07:51:17.599Z][QUERY]: SELECT `User`.`id` AS `User_id`, `User`.`username` AS `User_username`, `User`.`password` AS `User_password`, `User`.`createdAt` AS `User_createdAt`, `User`.`updatedAt` AS `User_updatedAt`, `User`.`authStrategy` AS `User_authStrategy`, `User`.`profileId` AS `User_profileId` FROM `users` `User`
[2022-10-03T07:51:38.409Z][QUERY]: DELETE FROM `users` WHERE `id` = ? -- PARAMETERS: [2]
[2022-10-03T07:51:41.764Z][QUERY]: SELECT `User`.`id` AS `User_id`, `User`.`username` AS `User_username`, `User`.`password` AS `User_password`, `User`.`createdAt` AS `User_createdAt`, `User`.`updatedAt` AS `User_updatedAt`, `User`.`authStrategy` AS `User_authStrategy`, `User`.`profileId` AS `User_profileId` FROM `users` `User`
[2022-10-03T07:54:56.427Z][QUERY]: START TRANSACTION
[2022-10-03T07:54:56.436Z][QUERY]: INSERT INTO `users`(`id`, `username`, `password`, `createdAt`, `updatedAt`, `authStrategy`, `profileId`) VALUES (DEFAULT, ?, ?, DEFAULT, DEFAULT, DEFAULT, DEFAULT) -- PARAMETERS: ["12321321","213123123"]
[2022-10-03T07:54:56.444Z][QUERY]: SELECT `User`.`id` AS `User_id`, `User`.`createdAt` AS `User_createdAt`, `User`.`updatedAt` AS `User_updatedAt` FROM `users` `User` WHERE `User`.`id` = ? -- PARAMETERS: ["7"]
[2022-10-03T07:54:56.450Z][QUERY]: COMMIT
[2022-10-03T07:54:59.141Z][QUERY]: SELECT `User`.`id` AS `User_id`, `User`.`username` AS `User_username`, `User`.`password` AS `User_password`, `User`.`createdAt` AS `User_createdAt`, `User`.`updatedAt` AS `User_updatedAt`, `User`.`authStrategy` AS `User_authStrategy`, `User`.`profileId` AS `User_profileId` FROM `users` `User`
